<?xml version="1.0" encoding="UTF-8"?>
<coverage generated="1773073571">
  <project timestamp="1773073571" name="Clover Coverage">
    <package name="PhilipRehberger\Money">
      <file name="/home/ubuntu/projects/packages/php-money/src/Currency.php">
        <class name="PhilipRehberger\Money\Currency" namespace="PhilipRehberger\Money">
          <metrics complexity="34" methods="32" coveredmethods="21" conditionals="0" coveredconditionals="0" statements="39" coveredstatements="28" elements="71" coveredelements="49"/>
        </class>
        <line num="53" type="method" name="__construct" visibility="public" complexity="2" crap="2" count="91"/>
        <line num="58" type="stmt" count="91"/>
        <line num="59" type="stmt" count="1"/>
        <line num="67" type="method" name="AED" visibility="public" complexity="1" crap="1" count="1"/>
        <line num="69" type="stmt" count="1"/>
        <line num="72" type="method" name="AUD" visibility="public" complexity="1" crap="1" count="1"/>
        <line num="74" type="stmt" count="1"/>
        <line num="77" type="method" name="BRL" visibility="public" complexity="1" crap="1" count="1"/>
        <line num="79" type="stmt" count="1"/>
        <line num="82" type="method" name="CAD" visibility="public" complexity="1" crap="1" count="1"/>
        <line num="84" type="stmt" count="1"/>
        <line num="87" type="method" name="CHF" visibility="public" complexity="1" crap="1" count="1"/>
        <line num="89" type="stmt" count="1"/>
        <line num="92" type="method" name="CNY" visibility="public" complexity="1" crap="1" count="1"/>
        <line num="94" type="stmt" count="1"/>
        <line num="97" type="method" name="CZK" visibility="public" complexity="1" crap="2" count="0"/>
        <line num="99" type="stmt" count="0"/>
        <line num="102" type="method" name="DKK" visibility="public" complexity="1" crap="2" count="0"/>
        <line num="104" type="stmt" count="0"/>
        <line num="107" type="method" name="EUR" visibility="public" complexity="1" crap="1" count="11"/>
        <line num="109" type="stmt" count="11"/>
        <line num="112" type="method" name="GBP" visibility="public" complexity="1" crap="1" count="2"/>
        <line num="114" type="stmt" count="2"/>
        <line num="117" type="method" name="HKD" visibility="public" complexity="1" crap="1" count="1"/>
        <line num="119" type="stmt" count="1"/>
        <line num="122" type="method" name="HUF" visibility="public" complexity="1" crap="2" count="0"/>
        <line num="124" type="stmt" count="0"/>
        <line num="127" type="method" name="INR" visibility="public" complexity="1" crap="1" count="1"/>
        <line num="129" type="stmt" count="1"/>
        <line num="132" type="method" name="JPY" visibility="public" complexity="1" crap="1" count="2"/>
        <line num="134" type="stmt" count="2"/>
        <line num="137" type="method" name="KRW" visibility="public" complexity="1" crap="2" count="0"/>
        <line num="139" type="stmt" count="0"/>
        <line num="142" type="method" name="MXN" visibility="public" complexity="1" crap="1" count="1"/>
        <line num="144" type="stmt" count="1"/>
        <line num="147" type="method" name="NOK" visibility="public" complexity="1" crap="2" count="0"/>
        <line num="149" type="stmt" count="0"/>
        <line num="152" type="method" name="NZD" visibility="public" complexity="1" crap="2" count="0"/>
        <line num="154" type="stmt" count="0"/>
        <line num="157" type="method" name="PLN" visibility="public" complexity="1" crap="2" count="0"/>
        <line num="159" type="stmt" count="0"/>
        <line num="162" type="method" name="SEK" visibility="public" complexity="1" crap="2" count="0"/>
        <line num="164" type="stmt" count="0"/>
        <line num="167" type="method" name="SGD" visibility="public" complexity="1" crap="1" count="1"/>
        <line num="169" type="stmt" count="1"/>
        <line num="172" type="method" name="THB" visibility="public" complexity="1" crap="2" count="0"/>
        <line num="174" type="stmt" count="0"/>
        <line num="177" type="method" name="TRY" visibility="public" complexity="1" crap="2" count="0"/>
        <line num="179" type="stmt" count="0"/>
        <line num="182" type="method" name="USD" visibility="public" complexity="1" crap="1" count="50"/>
        <line num="184" type="stmt" count="50"/>
        <line num="187" type="method" name="ZAR" visibility="public" complexity="1" crap="2" count="0"/>
        <line num="189" type="stmt" count="0"/>
        <line num="197" type="method" name="fromCode" visibility="public" complexity="2" crap="2" count="90"/>
        <line num="199" type="stmt" count="90"/>
        <line num="201" type="stmt" count="90"/>
        <line num="202" type="stmt" count="1"/>
        <line num="203" type="stmt" count="1"/>
        <line num="204" type="stmt" count="1"/>
        <line num="207" type="stmt" count="89"/>
        <line num="209" type="stmt" count="89"/>
        <line num="216" type="method" name="getCode" visibility="public" complexity="1" crap="1" count="47"/>
        <line num="218" type="stmt" count="47"/>
        <line num="221" type="method" name="getDecimalPlaces" visibility="public" complexity="1" crap="1" count="16"/>
        <line num="223" type="stmt" count="16"/>
        <line num="226" type="method" name="getSymbol" visibility="public" complexity="1" crap="1" count="4"/>
        <line num="228" type="stmt" count="4"/>
        <line num="231" type="method" name="equals" visibility="public" complexity="1" crap="1" count="18"/>
        <line num="233" type="stmt" count="18"/>
        <line num="240" type="method" name="__toString" visibility="public" complexity="1" crap="1" count="1"/>
        <line num="242" type="stmt" count="1"/>
        <metrics loc="245" ncloc="218" classes="1" methods="32" coveredmethods="21" conditionals="0" coveredconditionals="0" statements="39" coveredstatements="28" elements="71" coveredelements="49"/>
      </file>
      <file name="/home/ubuntu/projects/packages/php-money/src/Money.php">
        <class name="PhilipRehberger\Money\Money" namespace="PhilipRehberger\Money">
          <metrics complexity="43" methods="30" coveredmethods="27" conditionals="0" coveredconditionals="0" statements="95" coveredstatements="90" elements="125" coveredelements="117"/>
        </class>
        <line num="28" type="method" name="__construct" visibility="public" complexity="1" crap="1" count="65"/>
        <line num="31" type="stmt" count="65"/>
        <line num="40" type="method" name="USD" visibility="public" complexity="1" crap="1" count="46"/>
        <line num="42" type="stmt" count="46"/>
        <line num="48" type="method" name="EUR" visibility="public" complexity="1" crap="1" count="9"/>
        <line num="50" type="stmt" count="9"/>
        <line num="56" type="method" name="GBP" visibility="public" complexity="1" crap="1" count="1"/>
        <line num="58" type="stmt" count="1"/>
        <line num="64" type="method" name="JPY" visibility="public" complexity="1" crap="1" count="1"/>
        <line num="66" type="stmt" count="1"/>
        <line num="72" type="method" name="of" visibility="public" complexity="1" crap="1" count="7"/>
        <line num="74" type="stmt" count="7"/>
        <line num="80" type="method" name="zero" visibility="public" complexity="1" crap="1" count="2"/>
        <line num="82" type="stmt" count="2"/>
        <line num="97" type="method" name="parse" visibility="public" complexity="3" crap="3" count="6"/>
        <line num="99" type="stmt" count="6"/>
        <line num="102" type="stmt" count="6"/>
        <line num="106" type="stmt" count="6"/>
        <line num="110" type="stmt" count="6"/>
        <line num="112" type="stmt" count="6"/>
        <line num="113" type="stmt" count="1"/>
        <line num="116" type="stmt" count="5"/>
        <line num="117" type="stmt" count="5"/>
        <line num="118" type="stmt" count="5"/>
        <line num="120" type="stmt" count="5"/>
        <line num="132" type="method" name="add" visibility="public" complexity="1" crap="1" count="3"/>
        <line num="134" type="stmt" count="3"/>
        <line num="136" type="stmt" count="2"/>
        <line num="144" type="method" name="subtract" visibility="public" complexity="1" crap="1" count="3"/>
        <line num="146" type="stmt" count="3"/>
        <line num="148" type="stmt" count="2"/>
        <line num="154" type="method" name="multiply" visibility="public" complexity="1" crap="1" count="7"/>
        <line num="156" type="stmt" count="7"/>
        <line num="158" type="stmt" count="7"/>
        <line num="166" type="method" name="divide" visibility="public" complexity="2" crap="2" count="4"/>
        <line num="168" type="stmt" count="4"/>
        <line num="169" type="stmt" count="1"/>
        <line num="172" type="stmt" count="3"/>
        <line num="174" type="stmt" count="3"/>
        <line num="182" type="method" name="percentage" visibility="public" complexity="1" crap="1" count="3"/>
        <line num="184" type="stmt" count="3"/>
        <line num="201" type="method" name="allocate" visibility="public" complexity="8" crap="8" count="8"/>
        <line num="203" type="stmt" count="8"/>
        <line num="204" type="stmt" count="1"/>
        <line num="207" type="stmt" count="7"/>
        <line num="209" type="stmt" count="7"/>
        <line num="210" type="stmt" count="2"/>
        <line num="213" type="stmt" count="5"/>
        <line num="214" type="stmt" count="5"/>
        <line num="215" type="stmt" count="0"/>
        <line num="219" type="stmt" count="5"/>
        <line num="220" type="stmt" count="5"/>
        <line num="221" type="stmt" count="5"/>
        <line num="223" type="stmt" count="5"/>
        <line num="224" type="stmt" count="5"/>
        <line num="225" type="stmt" count="5"/>
        <line num="226" type="stmt" count="5"/>
        <line num="227" type="stmt" count="5"/>
        <line num="228" type="stmt" count="5"/>
        <line num="232" type="stmt" count="5"/>
        <line num="234" type="stmt" count="5"/>
        <line num="236" type="stmt" count="5"/>
        <line num="237" type="stmt" count="5"/>
        <line num="238" type="stmt" count="5"/>
        <line num="241" type="stmt" count="1"/>
        <line num="242" type="stmt" count="1"/>
        <line num="246" type="stmt" count="5"/>
        <line num="248" type="stmt" count="5"/>
        <line num="249" type="stmt" count="5"/>
        <line num="250" type="stmt" count="5"/>
        <line num="251" type="stmt" count="5"/>
        <line num="261" type="method" name="equals" visibility="public" complexity="1" crap="1" count="4"/>
        <line num="263" type="stmt" count="4"/>
        <line num="265" type="stmt" count="3"/>
        <line num="271" type="method" name="greaterThan" visibility="public" complexity="1" crap="1" count="2"/>
        <line num="273" type="stmt" count="2"/>
        <line num="275" type="stmt" count="1"/>
        <line num="281" type="method" name="lessThan" visibility="public" complexity="1" crap="1" count="1"/>
        <line num="283" type="stmt" count="1"/>
        <line num="285" type="stmt" count="1"/>
        <line num="291" type="method" name="greaterThanOrEqual" visibility="public" complexity="1" crap="1" count="1"/>
        <line num="293" type="stmt" count="1"/>
        <line num="295" type="stmt" count="1"/>
        <line num="301" type="method" name="lessThanOrEqual" visibility="public" complexity="1" crap="1" count="1"/>
        <line num="303" type="stmt" count="1"/>
        <line num="305" type="stmt" count="1"/>
        <line num="308" type="method" name="isZero" visibility="public" complexity="1" crap="1" count="3"/>
        <line num="310" type="stmt" count="3"/>
        <line num="313" type="method" name="isPositive" visibility="public" complexity="1" crap="1" count="1"/>
        <line num="315" type="stmt" count="1"/>
        <line num="318" type="method" name="isNegative" visibility="public" complexity="1" crap="1" count="3"/>
        <line num="320" type="stmt" count="3"/>
        <line num="337" type="method" name="format" visibility="public" complexity="2" crap="2.01" count="4"/>
        <line num="339" type="stmt" count="4"/>
        <line num="340" type="stmt" count="4"/>
        <line num="341" type="stmt" count="4"/>
        <line num="342" type="stmt" count="4"/>
        <line num="344" type="stmt" count="4"/>
        <line num="346" type="stmt" count="4"/>
        <line num="348" type="stmt" count="4"/>
        <line num="350" type="stmt" count="0"/>
        <line num="353" type="stmt" count="4"/>
        <line num="360" type="method" name="getAmount" visibility="public" complexity="1" crap="1" count="37"/>
        <line num="362" type="stmt" count="37"/>
        <line num="365" type="method" name="getCurrency" visibility="public" complexity="1" crap="1" count="14"/>
        <line num="367" type="stmt" count="14"/>
        <line num="375" type="method" name="toArray" visibility="public" complexity="1" crap="1" count="7"/>
        <line num="377" type="stmt" count="7"/>
        <line num="378" type="stmt" count="7"/>
        <line num="379" type="stmt" count="7"/>
        <line num="380" type="stmt" count="7"/>
        <line num="390" type="method" name="jsonSerialize" visibility="public" complexity="1" crap="1" count="2"/>
        <line num="392" type="stmt" count="2"/>
        <line num="395" type="method" name="__toString" visibility="public" complexity="1" crap="1" count="1"/>
        <line num="397" type="stmt" count="1"/>
        <line num="407" type="method" name="assertSameCurrency" visibility="private" complexity="2" crap="2" count="15"/>
        <line num="409" type="stmt" count="15"/>
        <line num="410" type="stmt" count="4"/>
        <line num="411" type="stmt" count="4"/>
        <line num="412" type="stmt" count="4"/>
        <line num="413" type="stmt" count="4"/>
        <line num="417" type="method" name="formatFallback" visibility="private" complexity="2" crap="6" count="0"/>
        <line num="419" type="stmt" count="0"/>
        <line num="420" type="stmt" count="0"/>
        <line num="422" type="stmt" count="0"/>
        <metrics loc="425" ncloc="280" classes="1" methods="30" coveredmethods="27" conditionals="0" coveredconditionals="0" statements="95" coveredstatements="90" elements="125" coveredelements="117"/>
      </file>
    </package>
    <package name="PhilipRehberger\Money\Exceptions">
      <file name="/home/ubuntu/projects/packages/php-money/src/Exceptions/CurrencyMismatchException.php">
        <class name="PhilipRehberger\Money\Exceptions\CurrencyMismatchException" namespace="PhilipRehberger\Money\Exceptions">
          <metrics complexity="1" methods="1" coveredmethods="1" conditionals="0" coveredconditionals="0" statements="7" coveredstatements="7" elements="8" coveredelements="8"/>
        </class>
        <line num="11" type="method" name="forCurrencies" visibility="public" complexity="1" crap="1" count="4"/>
        <line num="13" type="stmt" count="4"/>
        <line num="14" type="stmt" count="4"/>
        <line num="15" type="stmt" count="4"/>
        <line num="16" type="stmt" count="4"/>
        <line num="17" type="stmt" count="4"/>
        <line num="18" type="stmt" count="4"/>
        <line num="19" type="stmt" count="4"/>
        <metrics loc="22" ncloc="22" classes="1" methods="1" coveredmethods="1" conditionals="0" coveredconditionals="0" statements="7" coveredstatements="7" elements="8" coveredelements="8"/>
      </file>
      <file name="/home/ubuntu/projects/packages/php-money/src/Exceptions/InvalidAmountException.php">
        <class name="PhilipRehberger\Money\Exceptions\InvalidAmountException" namespace="PhilipRehberger\Money\Exceptions">
          <metrics complexity="4" methods="4" coveredmethods="4" conditionals="0" coveredconditionals="0" statements="6" coveredstatements="6" elements="10" coveredelements="10"/>
        </class>
        <line num="11" type="method" name="forString" visibility="public" complexity="1" crap="1" count="1"/>
        <line num="13" type="stmt" count="1"/>
        <line num="14" type="stmt" count="1"/>
        <line num="15" type="stmt" count="1"/>
        <line num="18" type="method" name="forDivisionByZero" visibility="public" complexity="1" crap="1" count="1"/>
        <line num="20" type="stmt" count="1"/>
        <line num="23" type="method" name="forEmptyRatios" visibility="public" complexity="1" crap="1" count="1"/>
        <line num="25" type="stmt" count="1"/>
        <line num="28" type="method" name="forNegativeRatios" visibility="public" complexity="1" crap="1" count="2"/>
        <line num="30" type="stmt" count="2"/>
        <metrics loc="33" ncloc="33" classes="1" methods="4" coveredmethods="4" conditionals="0" coveredconditionals="0" statements="6" coveredstatements="6" elements="10" coveredelements="10"/>
      </file>
    </package>
    <package name="PhilipRehberger\Money\Laravel">
      <file name="/home/ubuntu/projects/packages/php-money/src/Laravel/MoneyCast.php">
        <class name="PhilipRehberger\Money\Laravel\MoneyCast" namespace="PhilipRehberger\Money\Laravel">
          <metrics complexity="13" methods="3" coveredmethods="2" conditionals="0" coveredconditionals="0" statements="39" coveredstatements="36" elements="42" coveredelements="38"/>
        </class>
        <line num="35" type="method" name="__construct" visibility="public" complexity="1" crap="1" count="15"/>
        <line num="37" type="stmt" count="15"/>
        <line num="44" type="method" name="get" visibility="public" complexity="7" crap="7.11" count="9"/>
        <line num="46" type="stmt" count="9"/>
        <line num="47" type="stmt" count="1"/>
        <line num="50" type="stmt" count="8"/>
        <line num="51" type="stmt" count="2"/>
        <line num="54" type="stmt" count="6"/>
        <line num="55" type="stmt" count="4"/>
        <line num="57" type="stmt" count="4"/>
        <line num="58" type="stmt" count="1"/>
        <line num="59" type="stmt" count="1"/>
        <line num="60" type="stmt" count="1"/>
        <line num="63" type="stmt" count="3"/>
        <line num="66" type="stmt" count="5"/>
        <line num="67" type="stmt" count="5"/>
        <line num="68" type="stmt" count="1"/>
        <line num="69" type="stmt" count="1"/>
        <line num="70" type="stmt" count="1"/>
        <line num="71" type="stmt" count="1"/>
        <line num="72" type="stmt" count="1"/>
        <line num="73" type="stmt" count="1"/>
        <line num="76" type="stmt" count="4"/>
        <line num="79" type="stmt" count="0"/>
        <line num="80" type="stmt" count="0"/>
        <line num="81" type="stmt" count="0"/>
        <line num="89" type="method" name="set" visibility="public" complexity="5" crap="5" count="8"/>
        <line num="91" type="stmt" count="8"/>
        <line num="92" type="stmt" count="1"/>
        <line num="95" type="stmt" count="7"/>
        <line num="96" type="stmt" count="4"/>
        <line num="99" type="stmt" count="3"/>
        <line num="100" type="stmt" count="1"/>
        <line num="101" type="stmt" count="1"/>
        <line num="102" type="stmt" count="1"/>
        <line num="103" type="stmt" count="1"/>
        <line num="106" type="stmt" count="2"/>
        <line num="107" type="stmt" count="2"/>
        <line num="108" type="stmt" count="2"/>
        <line num="109" type="stmt" count="2"/>
        <line num="110" type="stmt" count="2"/>
        <line num="111" type="stmt" count="2"/>
        <metrics loc="114" ncloc="83" classes="1" methods="3" coveredmethods="2" conditionals="0" coveredconditionals="0" statements="39" coveredstatements="36" elements="42" coveredelements="38"/>
      </file>
      <file name="/home/ubuntu/projects/packages/php-money/src/Laravel/MoneyServiceProvider.php">
        <class name="PhilipRehberger\Money\Laravel\MoneyServiceProvider" namespace="PhilipRehberger\Money\Laravel">
          <metrics complexity="3" methods="2" coveredmethods="0" conditionals="0" coveredconditionals="0" statements="5" coveredstatements="0" elements="7" coveredelements="0"/>
        </class>
        <line num="23" type="method" name="boot" visibility="public" complexity="2" crap="6" count="0"/>
        <line num="25" type="stmt" count="0"/>
        <line num="26" type="stmt" count="0"/>
        <line num="27" type="stmt" count="0"/>
        <line num="28" type="stmt" count="0"/>
        <line num="35" type="method" name="register" visibility="public" complexity="1" crap="2" count="0"/>
        <line num="37" type="stmt" count="0"/>
        <metrics loc="40" ncloc="25" classes="1" methods="2" coveredmethods="0" conditionals="0" coveredconditionals="0" statements="5" coveredstatements="0" elements="7" coveredelements="0"/>
      </file>
    </package>
    <metrics files="6" loc="879" ncloc="661" classes="6" methods="72" coveredmethods="55" conditionals="0" coveredconditionals="0" statements="191" coveredstatements="167" elements="263" coveredelements="222"/>
  </project>
</coverage>
